mode: set
github.com/Breus/mbpqs/params.go:22.45,25.2 2 1
github.com/Breus/mbpqs/params.go:28.40,29.18 1 1
github.com/Breus/mbpqs/params.go:30.9,31.11 1 1
github.com/Breus/mbpqs/params.go:32.10,33.11 1 1
github.com/Breus/mbpqs/params.go:34.11,35.11 1 1
github.com/Breus/mbpqs/params.go:36.10,37.45 1 0
github.com/Breus/mbpqs/params.go:42.41,44.2 1 1
github.com/Breus/mbpqs/params.go:47.41,48.18 1 1
github.com/Breus/mbpqs/params.go:49.9,50.11 1 1
github.com/Breus/mbpqs/params.go:51.10,52.11 1 1
github.com/Breus/mbpqs/params.go:53.11,54.11 1 1
github.com/Breus/mbpqs/params.go:55.10,56.45 1 0
github.com/Breus/mbpqs/params.go:61.40,63.2 1 1
github.com/Breus/mbpqs/params.go:66.50,68.2 1 1
github.com/Breus/mbpqs/signatures.go:43.52,45.2 1 1
github.com/Breus/mbpqs/signatures.go:48.73,50.2 1 1
github.com/Breus/mbpqs/signatures.go:54.70,56.2 1 1
github.com/Breus/mbpqs/signatures.go:59.47,61.2 1 0
github.com/Breus/mbpqs/signatures.go:65.69,66.25 1 1
github.com/Breus/mbpqs/signatures.go:69.2,69.20 1 1
github.com/Breus/mbpqs/signatures.go:66.25,68.3 1 0
github.com/Breus/mbpqs/signatures.go:73.47,74.61 1 1
github.com/Breus/mbpqs/signatures.go:78.2,78.14 1 1
github.com/Breus/mbpqs/signatures.go:74.61,77.3 2 0
github.com/Breus/mbpqs/wots.go:7.28,14.34 7 1
github.com/Breus/mbpqs/wots.go:14.34,16.3 1 1
github.com/Breus/mbpqs/wots.go:21.58,29.41 4 1
github.com/Breus/mbpqs/wots.go:32.2,40.12 3 1
github.com/Breus/mbpqs/wots.go:29.41,31.3 1 1
github.com/Breus/mbpqs/wots.go:45.59,46.25 1 1
github.com/Breus/mbpqs/wots.go:51.2,56.56 5 1
github.com/Breus/mbpqs/wots.go:46.25,49.3 2 1
github.com/Breus/mbpqs/wots.go:56.56,57.16 1 1
github.com/Breus/mbpqs/wots.go:62.3,64.8 3 1
github.com/Breus/mbpqs/wots.go:57.16,61.4 3 1
github.com/Breus/mbpqs/wots.go:71.71,74.62 3 1
github.com/Breus/mbpqs/wots.go:74.62,77.3 2 1
github.com/Breus/mbpqs/wots.go:82.23,86.2 3 1
github.com/Breus/mbpqs/wots.go:90.28,93.34 3 1
github.com/Breus/mbpqs/wots.go:93.34,98.3 2 1
github.com/Breus/mbpqs/wots.go:103.23,107.2 3 1
github.com/Breus/mbpqs/wots.go:111.54,115.34 4 1
github.com/Breus/mbpqs/wots.go:115.34,120.3 2 1
github.com/Breus/mbpqs/wots.go:126.49,129.34 3 1
github.com/Breus/mbpqs/wots.go:129.34,134.3 2 1
github.com/Breus/mbpqs/wots.go:139.45,143.2 3 1
github.com/Breus/mbpqs/wots.go:147.23,154.2 6 1
github.com/Breus/mbpqs/address.go:17.45,19.2 1 1
github.com/Breus/mbpqs/address.go:21.43,24.2 2 1
github.com/Breus/mbpqs/address.go:26.42,28.2 1 1
github.com/Breus/mbpqs/address.go:30.55,32.2 1 1
github.com/Breus/mbpqs/address.go:34.52,38.2 3 1
github.com/Breus/mbpqs/address.go:40.41,42.2 1 1
github.com/Breus/mbpqs/address.go:44.45,46.2 1 1
github.com/Breus/mbpqs/address.go:48.43,50.2 1 1
github.com/Breus/mbpqs/address.go:52.45,54.2 1 1
github.com/Breus/mbpqs/address.go:56.55,58.2 1 1
github.com/Breus/mbpqs/address.go:60.53,62.2 1 1
github.com/Breus/mbpqs/address.go:65.44,66.25 1 1
github.com/Breus/mbpqs/address.go:66.25,68.3 1 1
github.com/Breus/mbpqs/address.go:72.53,76.2 3 1
github.com/Breus/mbpqs/mbpqs.go:52.60,60.2 1 1
github.com/Breus/mbpqs/mbpqs.go:63.66,66.16 2 1
github.com/Breus/mbpqs/mbpqs.go:71.2,72.16 2 1
github.com/Breus/mbpqs/mbpqs.go:75.2,76.16 2 1
github.com/Breus/mbpqs/mbpqs.go:79.2,80.16 2 1
github.com/Breus/mbpqs/mbpqs.go:85.2,85.50 1 1
github.com/Breus/mbpqs/mbpqs.go:66.16,68.3 1 0
github.com/Breus/mbpqs/mbpqs.go:72.16,74.3 1 0
github.com/Breus/mbpqs/mbpqs.go:76.16,78.3 1 0
github.com/Breus/mbpqs/mbpqs.go:80.16,82.3 1 0
github.com/Breus/mbpqs/mbpqs.go:89.76,93.16 3 1
github.com/Breus/mbpqs/mbpqs.go:97.2,100.16 3 1
github.com/Breus/mbpqs/mbpqs.go:105.2,120.18 6 1
github.com/Breus/mbpqs/mbpqs.go:93.16,95.3 1 1
github.com/Breus/mbpqs/mbpqs.go:100.16,102.3 1 0
github.com/Breus/mbpqs/mbpqs.go:124.89,128.16 3 1
github.com/Breus/mbpqs/mbpqs.go:133.2,152.58 13 1
github.com/Breus/mbpqs/mbpqs.go:171.2,173.56 2 1
github.com/Breus/mbpqs/mbpqs.go:176.2,176.18 1 1
github.com/Breus/mbpqs/mbpqs.go:128.16,130.3 1 0
github.com/Breus/mbpqs/mbpqs.go:152.58,160.19 5 1
github.com/Breus/mbpqs/mbpqs.go:168.3,169.14 2 1
github.com/Breus/mbpqs/mbpqs.go:160.19,163.4 2 1
github.com/Breus/mbpqs/mbpqs.go:163.9,166.4 2 1
github.com/Breus/mbpqs/mbpqs.go:173.56,175.3 1 1
github.com/Breus/mbpqs/mbpqs.go:180.58,185.52 3 1
github.com/Breus/mbpqs/mbpqs.go:188.2,189.26 2 1
github.com/Breus/mbpqs/mbpqs.go:185.52,187.3 1 1
github.com/Breus/mbpqs/mbpqs.go:194.101,196.16 1 1
github.com/Breus/mbpqs/mbpqs.go:200.2,200.41 1 1
github.com/Breus/mbpqs/mbpqs.go:203.2,206.78 2 1
github.com/Breus/mbpqs/mbpqs.go:211.2,237.16 13 1
github.com/Breus/mbpqs/mbpqs.go:242.2,253.17 2 1
github.com/Breus/mbpqs/mbpqs.go:196.16,198.3 1 0
github.com/Breus/mbpqs/mbpqs.go:200.41,202.3 1 1
github.com/Breus/mbpqs/mbpqs.go:206.78,208.3 1 0
github.com/Breus/mbpqs/mbpqs.go:237.16,239.3 1 0
github.com/Breus/mbpqs/mbpqs.go:257.71,278.16 12 1
github.com/Breus/mbpqs/mbpqs.go:282.2,282.26 1 1
github.com/Breus/mbpqs/mbpqs.go:278.16,280.3 1 0
github.com/Breus/mbpqs/mbpqs.go:286.94,295.16 4 1
github.com/Breus/mbpqs/mbpqs.go:300.2,330.56 19 1
github.com/Breus/mbpqs/mbpqs.go:333.2,333.18 1 1
github.com/Breus/mbpqs/mbpqs.go:295.16,297.3 1 0
github.com/Breus/mbpqs/mbpqs.go:330.56,332.3 1 0
github.com/Breus/mbpqs/context.go:22.54,24.28 2 1
github.com/Breus/mbpqs/context.go:27.2,27.41 1 1
github.com/Breus/mbpqs/context.go:30.2,30.18 1 1
github.com/Breus/mbpqs/context.go:33.2,41.17 9 1
github.com/Breus/mbpqs/context.go:24.28,26.3 1 0
github.com/Breus/mbpqs/context.go:27.41,29.3 1 0
github.com/Breus/mbpqs/context.go:30.18,32.3 1 0
github.com/Breus/mbpqs/context.go:46.34,47.110 1 1
github.com/Breus/mbpqs/context.go:52.2,55.16 3 1
github.com/Breus/mbpqs/context.go:58.2,59.16 2 1
github.com/Breus/mbpqs/context.go:62.2,62.20 1 1
github.com/Breus/mbpqs/context.go:47.110,50.3 1 0
github.com/Breus/mbpqs/context.go:55.16,57.3 1 0
github.com/Breus/mbpqs/context.go:59.16,61.3 1 0
github.com/Breus/mbpqs/context.go:66.125,83.2 5 1
github.com/Breus/mbpqs/context.go:86.52,94.2 2 1
github.com/Breus/mbpqs/encode.go:6.45,7.21 1 1
github.com/Breus/mbpqs/encode.go:7.21,9.38 2 1
github.com/Breus/mbpqs/encode.go:9.38,11.4 1 1
github.com/Breus/mbpqs/encode.go:12.8,13.38 1 1
github.com/Breus/mbpqs/encode.go:13.38,16.4 2 1
github.com/Breus/mbpqs/encode.go:21.48,25.2 3 1
github.com/Breus/mbpqs/hash.go:46.24,48.24 2 1
github.com/Breus/mbpqs/hash.go:57.2,57.19 1 1
github.com/Breus/mbpqs/hash.go:62.2,70.73 5 1
github.com/Breus/mbpqs/hash.go:84.2,84.19 1 1
github.com/Breus/mbpqs/hash.go:88.2,88.72 1 1
github.com/Breus/mbpqs/hash.go:97.2,97.8 1 1
github.com/Breus/mbpqs/hash.go:48.24,51.3 2 1
github.com/Breus/mbpqs/hash.go:51.8,54.3 2 1
github.com/Breus/mbpqs/hash.go:57.19,60.3 2 1
github.com/Breus/mbpqs/hash.go:70.73,83.3 5 1
github.com/Breus/mbpqs/hash.go:84.19,86.3 1 1
github.com/Breus/mbpqs/hash.go:88.72,95.3 5 1
github.com/Breus/mbpqs/hash.go:101.62,102.24 1 1
github.com/Breus/mbpqs/hash.go:102.24,105.3 2 1
github.com/Breus/mbpqs/hash.go:105.8,108.3 2 1
github.com/Breus/mbpqs/hash.go:112.62,113.24 1 1
github.com/Breus/mbpqs/hash.go:118.2,119.8 2 1
github.com/Breus/mbpqs/hash.go:113.24,115.3 1 1
github.com/Breus/mbpqs/hash.go:115.8,117.3 1 1
github.com/Breus/mbpqs/hash.go:138.64,142.2 3 1
github.com/Breus/mbpqs/hash.go:145.102,157.2 8 1
github.com/Breus/mbpqs/hash.go:162.73,167.2 3 1
github.com/Breus/mbpqs/hash.go:170.50,192.2 11 1
github.com/Breus/mbpqs/hash.go:197.46,200.16 3 1
github.com/Breus/mbpqs/hash.go:203.2,203.17 1 1
github.com/Breus/mbpqs/hash.go:200.16,202.3 1 0
github.com/Breus/mbpqs/hash.go:207.48,209.24 2 1
github.com/Breus/mbpqs/hash.go:215.2,228.12 7 1
github.com/Breus/mbpqs/hash.go:209.24,211.3 1 1
github.com/Breus/mbpqs/hash.go:211.8,213.3 1 1
github.com/Breus/mbpqs/hash.go:232.76,236.2 3 1
github.com/Breus/mbpqs/hash.go:239.78,249.2 5 1
github.com/Breus/mbpqs/hash.go:252.78,256.2 3 1
github.com/Breus/mbpqs/hash.go:259.80,265.2 5 1
github.com/Breus/mbpqs/random.go:8.44,11.16 3 1
github.com/Breus/mbpqs/random.go:14.2,14.15 1 1
github.com/Breus/mbpqs/random.go:11.16,13.3 1 0
github.com/Breus/mbpqs/tree.go:38.45,40.2 1 1
github.com/Breus/mbpqs/tree.go:43.61,49.2 1 1
github.com/Breus/mbpqs/tree.go:52.42,54.2 1 1
github.com/Breus/mbpqs/tree.go:57.80,61.2 3 1
github.com/Breus/mbpqs/tree.go:64.88,83.22 12 1
github.com/Breus/mbpqs/tree.go:132.2,134.55 2 1
github.com/Breus/mbpqs/tree.go:83.22,84.53 1 0
github.com/Breus/mbpqs/tree.go:84.53,88.4 3 0
github.com/Breus/mbpqs/tree.go:89.8,96.19 5 1
github.com/Breus/mbpqs/tree.go:99.3,100.32 2 1
github.com/Breus/mbpqs/tree.go:129.3,129.12 1 1
github.com/Breus/mbpqs/tree.go:96.19,98.4 1 1
github.com/Breus/mbpqs/tree.go:100.32,101.40 1 1
github.com/Breus/mbpqs/tree.go:101.40,104.9 3 1
github.com/Breus/mbpqs/tree.go:126.5,126.14 1 1
github.com/Breus/mbpqs/tree.go:104.9,109.39 5 1
github.com/Breus/mbpqs/tree.go:112.6,113.38 2 1
github.com/Breus/mbpqs/tree.go:116.6,116.38 1 1
github.com/Breus/mbpqs/tree.go:109.39,110.12 1 1
github.com/Breus/mbpqs/tree.go:113.38,115.7 1 1
github.com/Breus/mbpqs/tree.go:116.38,124.7 3 1
github.com/Breus/mbpqs/tree.go:134.55,138.64 2 1
github.com/Breus/mbpqs/tree.go:138.64,144.4 2 1
github.com/Breus/mbpqs/tree.go:149.53,152.2 2 1
github.com/Breus/mbpqs/tree.go:157.37,161.2 3 1
github.com/Breus/mbpqs/tree.go:165.101,168.12 3 1
github.com/Breus/mbpqs/tree.go:194.2,197.12 3 1
github.com/Breus/mbpqs/tree.go:168.12,174.35 4 1
github.com/Breus/mbpqs/tree.go:184.3,184.15 1 1
github.com/Breus/mbpqs/tree.go:192.3,192.11 1 1
github.com/Breus/mbpqs/tree.go:174.35,182.4 2 1
github.com/Breus/mbpqs/tree.go:184.15,188.4 2 1
github.com/Breus/mbpqs/tree.go:188.9,190.4 1 1
github.com/Breus/mbpqs/tree.go:201.50,205.34 4 1
github.com/Breus/mbpqs/tree.go:213.2,213.12 1 1
github.com/Breus/mbpqs/tree.go:205.34,212.3 3 1
github.com/Breus/mbpqs/tree.go:220.48,228.2 3 1
github.com/Breus/mbpqs/tree.go:230.37,232.2 1 1
github.com/Breus/mbpqs/tree.go:234.37,236.2 1 1
github.com/Breus/mbpqs/tree.go:238.39,240.2 1 1
github.com/Breus/mbpqs/tree.go:242.43,244.2 1 1
github.com/Breus/mbpqs/tree.go:246.46,248.2 1 1
github.com/Breus/mbpqs/tree.go:250.40,252.2 1 1
github.com/Breus/mbpqs/api.go:6.86,8.2 1 1
github.com/Breus/mbpqs/api.go:12.68,14.2 1 1
github.com/Breus/mbpqs/api.go:17.69,19.2 1 1
github.com/Breus/mbpqs/api.go:22.73,24.2 1 1
github.com/Breus/mbpqs/api.go:27.84,29.2 1 1
github.com/Breus/mbpqs/api.go:32.80,34.2 1 1
github.com/Breus/mbpqs/api.go:38.15,40.2 1 1
github.com/Breus/mbpqs/api.go:46.81,47.25 1 1
github.com/Breus/mbpqs/api.go:48.22,49.48 1 1
github.com/Breus/mbpqs/api.go:50.21,51.75 1 1
github.com/Breus/mbpqs/api.go:52.22,53.61 1 1
github.com/Breus/mbpqs/api.go:54.10,55.59 1 0
github.com/Breus/mbpqs/channel.go:33.60,40.2 1 1
github.com/Breus/mbpqs/channel.go:43.85,47.2 3 1
github.com/Breus/mbpqs/channel.go:50.93,67.25 11 1
github.com/Breus/mbpqs/channel.go:118.2,120.47 2 1
github.com/Breus/mbpqs/channel.go:67.25,69.39 1 0
github.com/Breus/mbpqs/channel.go:69.39,73.4 3 0
github.com/Breus/mbpqs/channel.go:74.8,81.19 5 1
github.com/Breus/mbpqs/channel.go:84.3,85.32 2 1
github.com/Breus/mbpqs/channel.go:114.3,114.12 1 1
github.com/Breus/mbpqs/channel.go:81.19,83.4 1 1
github.com/Breus/mbpqs/channel.go:85.32,86.40 1 1
github.com/Breus/mbpqs/channel.go:86.40,89.9 3 1
github.com/Breus/mbpqs/channel.go:111.5,111.14 1 1
github.com/Breus/mbpqs/channel.go:89.9,94.29 5 1
github.com/Breus/mbpqs/channel.go:97.6,98.28 2 1
github.com/Breus/mbpqs/channel.go:101.6,101.38 1 1
github.com/Breus/mbpqs/channel.go:94.29,95.12 1 1
github.com/Breus/mbpqs/channel.go:98.28,100.7 1 1
github.com/Breus/mbpqs/channel.go:101.38,109.7 3 1
github.com/Breus/mbpqs/channel.go:120.47,126.3 3 1
github.com/Breus/mbpqs/channel.go:130.46,131.24 1 1
github.com/Breus/mbpqs/channel.go:135.2,136.22 2 1
github.com/Breus/mbpqs/channel.go:131.24,133.3 1 1
github.com/Breus/mbpqs/channel.go:140.54,143.2 2 1
github.com/Breus/mbpqs/channel.go:146.43,148.2 1 1
github.com/Breus/mbpqs/channel.go:151.47,153.2 1 1
github.com/Breus/mbpqs/channel.go:156.63,162.2 1 1
github.com/Breus/mbpqs/channel.go:165.63,167.2 1 1
github.com/Breus/mbpqs/channel.go:170.65,174.2 3 1
github.com/Breus/mbpqs/channel.go:177.76,184.2 5 1
github.com/Breus/mbpqs/channel.go:187.60,189.2 1 1
github.com/Breus/mbpqs/channel.go:192.50,195.24 1 1
github.com/Breus/mbpqs/channel.go:199.2,199.36 1 1
github.com/Breus/mbpqs/channel.go:195.24,197.3 1 1
github.com/Breus/mbpqs/channel.go:203.73,205.33 2 1
github.com/Breus/mbpqs/channel.go:208.2,208.37 1 1
github.com/Breus/mbpqs/channel.go:205.33,207.3 1 0
github.com/Breus/mbpqs/channel.go:212.57,214.2 1 1
github.com/Breus/mbpqs/channel.go:217.77,227.16 6 1
github.com/Breus/mbpqs/channel.go:232.2,234.21 3 1
github.com/Breus/mbpqs/channel.go:227.16,229.3 1 0
github.com/Breus/mbpqs/channel.go:239.41,241.16 2 1
github.com/Breus/mbpqs/channel.go:245.2,248.8 1 1
github.com/Breus/mbpqs/channel.go:241.16,243.3 1 0
github.com/Breus/mbpqs/channel.go:252.73,254.69 2 1
github.com/Breus/mbpqs/channel.go:257.2,257.34 1 1
github.com/Breus/mbpqs/channel.go:254.69,256.3 1 0
github.com/Breus/mbpqs/channel.go:262.33,267.16 4 1
github.com/Breus/mbpqs/channel.go:270.2,288.56 13 1
github.com/Breus/mbpqs/channel.go:291.2,291.18 1 1
github.com/Breus/mbpqs/channel.go:267.16,269.3 1 0
github.com/Breus/mbpqs/channel.go:288.56,290.3 1 0
